# JRE version: OpenJDK Runtime Environment (15.0.2+7) (build 15.0.2+7-27)
# Java VM: OpenJDK 64-Bit Server VM (15.0.2+7-27, mixed mode, tiered, compressed oops, g1 gc, windows-amd64)
GC Precious Log:
 CPUs: 8 total, 8 available
 Memory: 11757M
 Large Page Support: Disabled
 NUMA Support: Disabled
 Compressed Oops: Enabled (Zero based)
 Heap Region Size: 2M
 Heap Min Capacity: 8M
 Heap Initial Capacity: 184M
 Heap Max Capacity: 2940M
 Pre-touch: Disabled
 Parallel Workers: 8
 Concurrent Workers: 2
 Concurrent Refinement Workers: 8
 Periodic GC: Disabled
Heap:
 garbage-first heap   total 69632K, used 48750K [0x0000000748400000, 0x0000000800000000)
  region size 2048K, 12 young (24576K), 2 survivors (4096K)
 Metaspace       used 79941K, capacity 80944K, committed 81408K, reserved 1122304K
  class space    used 8994K, capacity 9328K, committed 9472K, reserved 1048576K
GC Heap History (20 events):
Event: 24797.713 GC heap before
{Heap before GC invocations=176 (full 13):
 garbage-first heap   total 69632K, used 53730K [0x0000000748400000, 0x0000000800000000)
  region size 2048K, 14 young (28672K), 2 survivors (4096K)
 Metaspace       used 79603K, capacity 80534K, committed 80896K, reserved 1120256K
  class space    used 8963K, capacity 9273K, committed 9472K, reserved 1048576K
}
Event: 24797.719 GC heap after
{Heap after GC invocations=177 (full 13):
 garbage-first heap   total 69632K, used 30325K [0x0000000748400000, 0x0000000800000000)
  region size 2048K, 2 young (4096K), 2 survivors (4096K)
 Metaspace       used 79603K, capacity 80534K, committed 80896K, reserved 1120256K
  class space    used 8963K, capacity 9273K, committed 9472K, reserved 1048576K
}
Event: 25526.352 GC heap before
{Heap before GC invocations=177 (full 13):
 garbage-first heap   total 69632K, used 52853K [0x0000000748400000, 0x0000000800000000)
  region size 2048K, 13 young (26624K), 2 survivors (4096K)
 Metaspace       used 79750K, capacity 80758K, committed 81152K, reserved 1120256K
  class space    used 8979K, capacity 9300K, committed 9472K, reserved 1048576K
}
Event: 25526.355 GC heap after
{Heap after GC invocations=178 (full 13):
 garbage-first heap   total 69632K, used 30767K [0x0000000748400000, 0x0000000800000000)
  region size 2048K, 1 young (2048K), 1 survivors (2048K)
 Metaspace       used 79750K, capacity 80758K, committed 81152K, reserved 1120256K
  class space    used 8979K, capacity 9300K, committed 9472K, reserved 1048576K
}
Event: 26531.224 GC heap before
{Heap before GC invocations=179 (full 13):
 garbage-first heap   total 69632K, used 55343K [0x0000000748400000, 0x0000000800000000)
  region size 2048K, 13 young (26624K), 1 survivors (2048K)
 Metaspace       used 79777K, capacity 80816K, committed 81152K, reserved 1120256K
  class space    used 8979K, capacity 9298K, committed 9472K, reserved 1048576K
}
Event: 26531.227 GC heap after
{Heap after GC invocations=180 (full 13):
 garbage-first heap   total 69632K, used 31107K [0x0000000748400000, 0x0000000800000000)
  region size 2048K, 2 young (4096K), 2 survivors (4096K)
 Metaspace       used 79777K, capacity 80816K, committed 81152K, reserved 1120256K
  class space    used 8979K, capacity 9298K, committed 9472K, reserved 1048576K
}
Event: 26616.741 GC heap before
{Heap before GC invocations=180 (full 13):
 garbage-first heap   total 69632K, used 33155K [0x0000000748400000, 0x0000000800000000)
  region size 2048K, 3 young (6144K), 2 survivors (4096K)
 Metaspace       used 79777K, capacity 80816K, committed 81152K, reserved 1120256K
  class space    used 8979K, capacity 9298K, committed 9472K, reserved 1048576K
}
Event: 26616.750 GC heap after
{Heap after GC invocations=181 (full 13):
 garbage-first heap   total 69632K, used 25974K [0x0000000748400000, 0x0000000800000000)
  region size 2048K, 1 young (2048K), 1 survivors (2048K)
 Metaspace       used 79777K, capacity 80816K, committed 81152K, reserved 1120256K
  class space    used 8979K, capacity 9298K, committed 9472K, reserved 1048576K
}
Event: 27242.531 GC heap before
{Heap before GC invocations=181 (full 13):
 garbage-first heap   total 69632K, used 42358K [0x0000000748400000, 0x0000000800000000)
  region size 2048K, 10 young (20480K), 1 survivors (2048K)
 Metaspace       used 79786K, capacity 80822K, committed 81152K, reserved 1120256K
  class space    used 8979K, capacity 9300K, committed 9472K, reserved 1048576K
}
Event: 27242.630 GC heap after
{Heap after GC invocations=182 (full 14):
 garbage-first heap   total 69632K, used 23912K [0x0000000748400000, 0x0000000800000000)
  region size 2048K, 0 young (0K), 0 survivors (0K)
 Metaspace       used 79782K, capacity 80816K, committed 81152K, reserved 1120256K
  class space    used 8979K, capacity 9299K, committed 9472K, reserved 1048576K
}
Event: 27242.942 GC heap before
{Heap before GC invocations=182 (full 14):
 garbage-first heap   total 69632K, used 54632K [0x0000000748400000, 0x0000000800000000)
  region size 2048K, 16 young (32768K), 0 survivors (0K)
 Metaspace       used 79832K, capacity 80917K, committed 81152K, reserved 1120256K
  class space    used 8985K, capacity 9309K, committed 9472K, reserved 1048576K
}
Event: 27242.946 GC heap after
{Heap after GC invocations=183 (full 14):
 garbage-first heap   total 69632K, used 26413K [0x0000000748400000, 0x0000000800000000)
  region size 2048K, 2 young (4096K), 2 survivors (4096K)
 Metaspace       used 79832K, capacity 80917K, committed 81152K, reserved 1120256K
  class space    used 8985K, capacity 9309K, committed 9472K, reserved 1048576K
}
Event: 27243.093 GC heap before
{Heap before GC invocations=184 (full 14):
 garbage-first heap   total 69632K, used 50989K [0x0000000748400000, 0x0000000800000000)
  region size 2048K, 15 young (30720K), 2 survivors (4096K)
 Metaspace       used 79944K, capacity 81036K, committed 81408K, reserved 1122304K
  class space    used 8996K, capacity 9348K, committed 9472K, reserved 1048576K
}
Event: 27243.097 GC heap after
{Heap after GC invocations=185 (full 14):
 garbage-first heap   total 69632K, used 27318K [0x0000000748400000, 0x0000000800000000)
  region size 2048K, 1 young (2048K), 1 survivors (2048K)
 Metaspace       used 79944K, capacity 81036K, committed 81408K, reserved 1122304K
  class space    used 8996K, capacity 9348K, committed 9472K, reserved 1048576K
}
Event: 27243.108 GC heap before
{Heap before GC invocations=185 (full 14):
 garbage-first heap   total 69632K, used 51894K [0x0000000748400000, 0x0000000800000000)
  region size 2048K, 14 young (28672K), 1 survivors (2048K)
 Metaspace       used 79944K, capacity 81036K, committed 81408K, reserved 1122304K
  class space    used 8996K, capacity 9348K, committed 9472K, reserved 1048576K
}
Event: 27243.110 GC heap after
{Heap after GC invocations=186 (full 14):
 garbage-first heap   total 69632K, used 27119K [0x0000000748400000, 0x0000000800000000)
  region size 2048K, 1 young (2048K), 1 survivors (2048K)
 Metaspace       used 79944K, capacity 81036K, committed 81408K, reserved 1122304K
  class space    used 8996K, capacity 9348K, committed 9472K, reserved 1048576K
}
Event: 27243.440 GC heap before
{Heap before GC invocations=187 (full 14):
 garbage-first heap   total 69632K, used 55791K [0x0000000748400000, 0x0000000800000000)
  region size 2048K, 15 young (30720K), 1 survivors (2048K)
 Metaspace       used 79736K, capacity 80783K, committed 81408K, reserved 1122304K
  class space    used 8974K, capacity 9303K, committed 9472K, reserved 1048576K
}
Event: 27243.442 GC heap after
{Heap after GC invocations=188 (full 14):
 garbage-first heap   total 69632K, used 28576K [0x0000000748400000, 0x0000000800000000)
  region size 2048K, 2 young (4096K), 2 survivors (4096K)
 Metaspace       used 79736K, capacity 80783K, committed 81408K, reserved 1122304K
  class space    used 8974K, capacity 9303K, committed 9472K, reserved 1048576K
}
Event: 27243.614 GC heap before
{Heap before GC invocations=188 (full 14):
 garbage-first heap   total 69632K, used 55200K [0x0000000748400000, 0x0000000800000000)
  region size 2048K, 15 young (30720K), 2 survivors (4096K)
 Metaspace       used 79926K, capacity 80938K, committed 81408K, reserved 1122304K
  class space    used 8993K, capacity 9326K, committed 9472K, reserved 1048576K
}
Event: 27243.618 GC heap after
{Heap after GC invocations=189 (full 14):
 garbage-first heap   total 69632K, used 30318K [0x0000000748400000, 0x0000000800000000)
  region size 2048K, 2 young (4096K), 2 survivors (4096K)
 Metaspace       used 79926K, capacity 80938K, committed 81408K, reserved 1122304K
  class space    used 8993K, capacity 9326K, committed 9472K, reserved 1048576K
}

